PI = 3.141592653589794 computed in 0.1516 seconds
BLOCK=60, THREAD=16, PI = 3.141592653589794 computed in 0.1516 seconds
PI = 3.141592653589793 computed in 0.0716 seconds
BLOCK=60, THREAD=32, PI = 3.141592653589793 computed in 0.0716 seconds
PI = 3.141592653589794 computed in 0.04886 seconds
BLOCK=60, THREAD=48, PI = 3.141592653589794 computed in 0.04886 seconds
PI = 3.141592653589792 computed in 0.03665 seconds
BLOCK=60, THREAD=64, PI = 3.141592653589792 computed in 0.03665 seconds
PI = 3.141592653589793 computed in 0.02984 seconds
BLOCK=60, THREAD=80, PI = 3.141592653589793 computed in 0.02984 seconds
PI = 3.141592653589796 computed in 0.02489 seconds
BLOCK=60, THREAD=96, PI = 3.141592653589796 computed in 0.02489 seconds
PI = 3.141592653589795 computed in 0.02193 seconds
BLOCK=60, THREAD=112, PI = 3.141592653589795 computed in 0.02193 seconds
PI = 3.1415926535898 computed in 0.01922 seconds
BLOCK=60, THREAD=128, PI = 3.1415926535898 computed in 0.01922 seconds
PI = 3.141592653589793 computed in 0.01777 seconds
BLOCK=60, THREAD=144, PI = 3.141592653589793 computed in 0.01777 seconds
PI = 3.141592653589789 computed in 0.01601 seconds
BLOCK=60, THREAD=160, PI = 3.141592653589789 computed in 0.01601 seconds
PI = 3.141592653589793 computed in 0.0733 seconds
BLOCK=120, THREAD=16, PI = 3.141592653589793 computed in 0.0733 seconds
PI = 3.141592653589792 computed in 0.03667 seconds
BLOCK=120, THREAD=32, PI = 3.141592653589792 computed in 0.03667 seconds
PI = 3.141592653589796 computed in 0.02491 seconds
BLOCK=120, THREAD=48, PI = 3.141592653589796 computed in 0.02491 seconds
PI = 3.1415926535898 computed in 0.01871 seconds
BLOCK=120, THREAD=64, PI = 3.1415926535898 computed in 0.01871 seconds
PI = 3.141592653589789 computed in 0.01599 seconds
BLOCK=120, THREAD=80, PI = 3.141592653589789 computed in 0.01599 seconds
PI = 3.141592653589788 computed in 0.01335 seconds
BLOCK=120, THREAD=96, PI = 3.141592653589788 computed in 0.01335 seconds
PI = 3.141592653589794 computed in 0.01194 seconds
BLOCK=120, THREAD=112, PI = 3.141592653589794 computed in 0.01194 seconds
PI = 3.141592653589795 computed in 0.01048 seconds
BLOCK=120, THREAD=128, PI = 3.141592653589795 computed in 0.01048 seconds
PI = 3.141592653589794 computed in 0.01318 seconds
BLOCK=120, THREAD=144, PI = 3.141592653589794 computed in 0.01318 seconds
PI = 3.141592653589796 computed in 0.01188 seconds
BLOCK=120, THREAD=160, PI = 3.141592653589796 computed in 0.01188 seconds
PI = 3.141592653589794 computed in 0.04885 seconds
BLOCK=180, THREAD=16, PI = 3.141592653589794 computed in 0.04885 seconds
PI = 3.141592653589796 computed in 0.02446 seconds
BLOCK=180, THREAD=32, PI = 3.141592653589796 computed in 0.02446 seconds
PI = 3.141592653589793 computed in 0.01705 seconds
BLOCK=180, THREAD=48, PI = 3.141592653589793 computed in 0.01705 seconds
PI = 3.141592653589788 computed in 0.01281 seconds
BLOCK=180, THREAD=64, PI = 3.141592653589788 computed in 0.01281 seconds
PI = 3.141592653589795 computed in 0.01112 seconds
BLOCK=180, THREAD=80, PI = 3.141592653589795 computed in 0.01112 seconds
PI = 3.141592653589794 computed in 0.009287 seconds
BLOCK=180, THREAD=96, PI = 3.141592653589794 computed in 0.009287 seconds
PI = 3.141592653589796 computed in 0.01132 seconds
BLOCK=180, THREAD=112, PI = 3.141592653589796 computed in 0.01132 seconds
PI = 3.141592653589796 computed in 0.009943 seconds
BLOCK=180, THREAD=128, PI = 3.141592653589796 computed in 0.009943 seconds
PI = 3.141592653589803 computed in 0.01131 seconds
BLOCK=180, THREAD=144, PI = 3.141592653589803 computed in 0.01131 seconds
PI = 3.141592653589794 computed in 0.0102 seconds
BLOCK=180, THREAD=160, PI = 3.141592653589794 computed in 0.0102 seconds
PI = 3.141592653589792 computed in 0.03724 seconds
BLOCK=240, THREAD=16, PI = 3.141592653589792 computed in 0.03724 seconds
PI = 3.1415926535898 computed in 0.01866 seconds
BLOCK=240, THREAD=32, PI = 3.1415926535898 computed in 0.01866 seconds
PI = 3.141592653589788 computed in 0.01326 seconds
BLOCK=240, THREAD=48, PI = 3.141592653589788 computed in 0.01326 seconds
PI = 3.141592653589795 computed in 0.00998 seconds
BLOCK=240, THREAD=64, PI = 3.141592653589795 computed in 0.00998 seconds
PI = 3.141592653589796 computed in 0.01185 seconds
BLOCK=240, THREAD=80, PI = 3.141592653589796 computed in 0.01185 seconds
PI = 3.141592653589796 computed in 0.0099 seconds
BLOCK=240, THREAD=96, PI = 3.141592653589796 computed in 0.0099 seconds
PI = 3.141592653589791 computed in 0.01083 seconds
BLOCK=240, THREAD=112, PI = 3.141592653589791 computed in 0.01083 seconds
PI = 3.141592653589798 computed in 0.009524 seconds
BLOCK=240, THREAD=128, PI = 3.141592653589798 computed in 0.009524 seconds
PI = 3.141592653589796 computed in 0.01098 seconds
BLOCK=240, THREAD=144, PI = 3.141592653589796 computed in 0.01098 seconds
PI = 3.141592653589797 computed in 0.009907 seconds
BLOCK=240, THREAD=160, PI = 3.141592653589797 computed in 0.009907 seconds
PI = 3.141592653589793 computed in 0.02994 seconds
BLOCK=300, THREAD=16, PI = 3.141592653589793 computed in 0.02994 seconds
PI = 3.141592653589789 computed in 0.01502 seconds
BLOCK=300, THREAD=32, PI = 3.141592653589789 computed in 0.01502 seconds
PI = 3.141592653589795 computed in 0.01105 seconds
BLOCK=300, THREAD=48, PI = 3.141592653589795 computed in 0.01105 seconds
PI = 3.141592653589796 computed in 0.008337 seconds
BLOCK=300, THREAD=64, PI = 3.141592653589796 computed in 0.008337 seconds
PI = 3.141592653589791 computed in 0.0108 seconds
BLOCK=300, THREAD=80, PI = 3.141592653589791 computed in 0.0108 seconds
PI = 3.141592653589794 computed in 0.00903 seconds
BLOCK=300, THREAD=96, PI = 3.141592653589794 computed in 0.00903 seconds
PI = 3.141592653589792 computed in 0.01042 seconds
BLOCK=300, THREAD=112, PI = 3.141592653589792 computed in 0.01042 seconds
PI = 3.141592653589797 computed in 0.009151 seconds
BLOCK=300, THREAD=128, PI = 3.141592653589797 computed in 0.009151 seconds
PI = 3.141592653589798 computed in 0.01019 seconds
BLOCK=300, THREAD=144, PI = 3.141592653589798 computed in 0.01019 seconds
PI = 3.141592653589788 computed in 0.009204 seconds
BLOCK=300, THREAD=160, PI = 3.141592653589788 computed in 0.009204 seconds
PI = 3.141592653589796 computed in 0.02548 seconds
BLOCK=360, THREAD=16, PI = 3.141592653589796 computed in 0.02548 seconds
PI = 3.141592653589788 computed in 0.01279 seconds
BLOCK=360, THREAD=32, PI = 3.141592653589788 computed in 0.01279 seconds
PI = 3.141592653589794 computed in 0.0116 seconds
BLOCK=360, THREAD=48, PI = 3.141592653589794 computed in 0.0116 seconds
PI = 3.141592653589796 computed in 0.008747 seconds
BLOCK=360, THREAD=64, PI = 3.141592653589796 computed in 0.008747 seconds
PI = 3.141592653589794 computed in 0.01102 seconds
BLOCK=360, THREAD=80, PI = 3.141592653589794 computed in 0.01102 seconds
PI = 3.141592653589796 computed in 0.009299 seconds
BLOCK=360, THREAD=96, PI = 3.141592653589796 computed in 0.009299 seconds
PI = 3.141592653589794 computed in 0.01015 seconds
BLOCK=360, THREAD=112, PI = 3.141592653589794 computed in 0.01015 seconds
PI = 3.141592653589793 computed in 0.008937 seconds
BLOCK=360, THREAD=128, PI = 3.141592653589793 computed in 0.008937 seconds
PI = 3.141592653589798 computed in 0.0102 seconds
BLOCK=360, THREAD=144, PI = 3.141592653589798 computed in 0.0102 seconds
PI = 3.141592653589796 computed in 0.009233 seconds
BLOCK=360, THREAD=160, PI = 3.141592653589796 computed in 0.009233 seconds
PI = 3.141592653589795 computed in 0.02194 seconds
BLOCK=420, THREAD=16, PI = 3.141592653589795 computed in 0.02194 seconds
PI = 3.141592653589794 computed in 0.01103 seconds
BLOCK=420, THREAD=32, PI = 3.141592653589794 computed in 0.01103 seconds
PI = 3.141592653589796 computed in 0.01132 seconds
BLOCK=420, THREAD=48, PI = 3.141592653589796 computed in 0.01132 seconds
PI = 3.141592653589791 computed in 0.008549 seconds
BLOCK=420, THREAD=64, PI = 3.141592653589791 computed in 0.008549 seconds
PI = 3.141592653589792 computed in 0.01038 seconds
BLOCK=420, THREAD=80, PI = 3.141592653589792 computed in 0.01038 seconds
PI = 3.141592653589794 computed in 0.008699 seconds
BLOCK=420, THREAD=96, PI = 3.141592653589794 computed in 0.008699 seconds
PI = 3.141592653589751 computed in 0.009967 seconds
BLOCK=420, THREAD=112, PI = 3.141592653589751 computed in 0.009967 seconds
PI = 3.14159265358979 computed in 0.008763 seconds
BLOCK=420, THREAD=128, PI = 3.14159265358979 computed in 0.008763 seconds
PI = 3.141592653589798 computed in 0.009753 seconds
BLOCK=420, THREAD=144, PI = 3.141592653589798 computed in 0.009753 seconds
PI = 3.141592653589807 computed in 0.008848 seconds
BLOCK=420, THREAD=160, PI = 3.141592653589807 computed in 0.008848 seconds
PI = 3.141592653589789 computed in 0.01659 seconds
BLOCK=600, THREAD=16, PI = 3.141592653589789 computed in 0.01659 seconds
PI = 3.141592653589796 computed in 0.008378 seconds
BLOCK=600, THREAD=32, PI = 3.141592653589796 computed in 0.008378 seconds
PI = 3.141592653589794 computed in 0.01104 seconds
BLOCK=600, THREAD=48, PI = 3.141592653589794 computed in 0.01104 seconds
PI = 3.141592653589797 computed in 0.008348 seconds
BLOCK=600, THREAD=64, PI = 3.141592653589797 computed in 0.008348 seconds
PI = 3.141592653589788 computed in 0.01036 seconds
BLOCK=600, THREAD=80, PI = 3.141592653589788 computed in 0.01036 seconds
PI = 3.141592653589796 computed in 0.008705 seconds
BLOCK=600, THREAD=96, PI = 3.141592653589796 computed in 0.008705 seconds
PI = 3.141592653589807 computed in 0.009652 seconds
BLOCK=600, THREAD=112, PI = 3.141592653589807 computed in 0.009652 seconds
PI = 3.141592653589801 computed in 0.008555 seconds
BLOCK=600, THREAD=128, PI = 3.141592653589801 computed in 0.008555 seconds
PI = 3.1415926535898 computed in 0.009658 seconds
BLOCK=600, THREAD=144, PI = 3.1415926535898 computed in 0.009658 seconds
PI = 3.141592653589786 computed in 0.008773 seconds
BLOCK=600, THREAD=160, PI = 3.141592653589786 computed in 0.008773 seconds


Batch Job Summary Report (version 21.01.1) for Job "cpi_cuda" (43340589) on daint

Job information (1/3)
-----------------------------------------------------------------------------------------------------
             Submit            Eligible               Start                 End    Elapsed Time limit
------------------- ------------------- ------------------- ------------------- ---------- ----------
2022-12-07T00:58:45 2022-12-07T00:58:45 2022-12-07T00:58:47 2022-12-07T00:58:54   00:00:07   00:05:00
-----------------------------------------------------------------------------------------------------

Job information (2/3)
-------------------------------------------------------------
    Username      Account    Partition   NNodes        Energy
------------ ------------ ------------ -------- -------------
     tsoydan         uzg2        debug        1      0.387 kJ

Job information (3/3) - GPU utilization data
----------------------------------------------------
   Node name       Usage      Max mem Execution time
------------ ----------- ------------ --------------
    nid02356        58 %      255 MiB       00:00:01

